/Users/vladimirpylov/kuvalda_automation_kit/.venv/lib/python3.9/site-packages/urllib3/__init__.py:35: NotOpenSSLWarning: urllib3 v2 only supports OpenSSL 1.1.1+, currently the 'ssl' module is compiled with 'LibreSSL 2.8.3'. See: https://github.com/urllib3/urllib3/issues/3020
  warnings.warn(
[1/4] Discovering article URLs...
Discovered 406 article URLs
[1/406 новая статья 1/406] https://www.kuvalda.ru/blog/articles/polz/tehnologiya-poglosheniya-vibracii-avt.html
[2/406 новая статья 2/406] https://www.kuvalda.ru/blog/articles/polz/tehnologiya-kontrolya-krutyashego-momenta-adt.html
[3/406 новая статья 3/406] https://www.kuvalda.ru/blog/articles/polz/tehnologiya-kontroliruyushaya-oboroty-dvigatelya-pod-raznoj-nagruzkoj-soft-no-load.html
[4/406 новая статья 4/406] https://www.kuvalda.ru/blog/articles/polz/tehnologiya-aktivnoj-zashity-ot-ryvkov-aft.html
[5/406 новая статья 5/406] https://www.kuvalda.ru/blog/articles/polz/tehnologiya-zashity-ot-pyli-i-vlagi-xpt.html
[6/406 новая статья 6/406] https://www.kuvalda.ru/blog/articles/polz/tehnologiya-besshetochnogo-elektrodvigatelya-bl-motor.html
[7/406 новая статья 7/406] https://www.kuvalda.ru/blog/articles/polz/tehnologiya-besprovodnogo-avtozapuska-pylesosa-aws-tm.html
[8/406 новая статья 8/406] https://www.kuvalda.ru/blog/articles/newinstr/novinki-dzhileks-cirkul-premium-.html
[9/406 новая статья 9/406] https://www.kuvalda.ru/blog/articles/newinstr/fubag-fla-4240-sm-samaya-dostupnaya-samohodnaya-akkumulyatornaya-kosilka.html
[10/406 новая статья 10/406] https://www.kuvalda.ru/blog/articles/raznoe/Kak-svarshchik-pokoril-ostrov-milliarderov.html
[11/406 новая статья 11/406] https://www.kuvalda.ru/blog/articles/newinstr/novinka-makita-holodilnik-s-funkciej-podogreva-dcw180.html
[12/406 новая статья 12/406] https://www.kuvalda.ru/blog/articles/polz/istoriya-metabo-100-let-razvitiya.html
[13/406 новая статья 13/406] https://www.kuvalda.ru/blog/articles/newinstr/test-akkumulyatornyh-gazonokosilok-greenworks-2022-goda.html
[14/406 новая статья 14/406] https://www.kuvalda.ru/blog/articles/newinstr/novinka-a-ipower-benzinovyj-generator-lite-ap2200.html
[15/406 новая статья 15/406] https://www.kuvalda.ru/blog/articles/polz/kak-rabotaet-kosilka-robot.html
[16/406 новая статья 16/406] https://www.kuvalda.ru/blog/articles/newinstr/novinki-a-ipower-mojka-vysokogo-davleniya.html
[17/406 новая статья 17/406] https://www.kuvalda.ru/blog/articles/polz/pochemu-ne-stoit-pokupat-analog-makita-rasskazyvaem-na-primere-akkumulyatora.html
[18/406 новая статья 18/406] https://www.kuvalda.ru/blog/articles/newinstr/interesnaya-novinka-a-ipower-skladnaya-gazonokosilka.html
[19/406 новая статья 19/406] https://www.kuvalda.ru/blog/articles/newinstr/novinki-makita-2022-akkumulyatornyj-instrument-xgt-40-v-i-lxt-18-v.html
[20/406 новая статья 20/406] https://www.kuvalda.ru/blog/articles/polz/akkumulyatornyj-pylesos-ne-takoj-kak-vse.html
[21/406 новая статья 21/406] https://www.kuvalda.ru/blog/articles/polz/preimushestva-motoblokov-patriot-kaluga-kaluga-m-sravnivaem-s-konkurentom.html
[22/406 новая статья 22/406] https://www.kuvalda.ru/blog/articles/events/dni-skorosti-na-ldu-bajkala-2022.html
[23/406 новая статья 23/406] https://www.kuvalda.ru/blog/articles/polz/gid-po-viboru-kondicionera-dlya-doma.html
[24/406 новая статья 24/406] https://www.kuvalda.ru/blog/articles/polz/nadezhnye-kanistry-oktan.html
[25/406 новая статья 25/406] https://www.kuvalda.ru/blog/articles/newinstr/novinka-makita-almaznaya-pila-dlya-reza-mramora-betona-kirpicha-dcc500.html
[26/406 новая статья 26/406] https://www.kuvalda.ru/blog/articles/newinstr/novinka-dewalt-intellektualnyj-gajkovert-.html
[27/406 новая статья 27/406] https://www.kuvalda.ru/blog/articles/newinstr/novinki-dewalt-yanvar-2022-.html
[28/406 новая статья 28/406] https://www.kuvalda.ru/blog/articles/polz/kak-otlichit-originalnoe-maslo-husqvarna-.html
[29/406 новая статья 29/406] https://www.kuvalda.ru/blog/articles/zolotye_ruky/tradicionnaya-rezba-po-derevu-ot-evgeniya-dubovika.html
[30/406 новая статья 30/406] https://www.kuvalda.ru/blog/articles/raznoe/kak-spilili-glavnuyu-el-strany.html
[31/406 новая статья 31/406] https://www.kuvalda.ru/blog/articles/promyshlennyj_shpionazh/kak-delayut-znamenityj-instrument-bosch.html
[32/406 новая статья 32/406] https://www.kuvalda.ru/blog/articles/polz/promyshlennye-led-svetilniki.html
[33/406 новая статья 33/406] https://www.kuvalda.ru/blog/articles/polz/kak-otlichit-poddelku-ushm-dewalt.html
[34/406 новая статья 34/406] https://www.kuvalda.ru/blog/articles/newinstr/carbide.html
[35/406 новая статья 35/406] https://www.kuvalda.ru/blog/articles/newinstr/kakim-budet-akkumulyatornyj-instrument-dewalt-v-2022-godu.html
[36/406 новая статья 36/406] https://www.kuvalda.ru/blog/articles/promyshlennyj_shpionazh/istoriya-haier-ot-ubytochnogo-zavoda-do-lidera-industrii.html
[37/406 новая статья 37/406] https://www.kuvalda.ru/blog/articles/zolotye_ruky/sverlo-dlya-kvadratnyh-otverstij.html
[38/406 новая статья 38/406] https://www.kuvalda.ru/blog/articles/polz/gde-mozhet-prigoditsya-sadovaya-vozduhoduvka.html
[39/406 новая статья 39/406] https://www.kuvalda.ru/blog/articles/raznoe/mastera-metalla.html
[40/406 новая статья 40/406] https://www.kuvalda.ru/blog/articles/zolotye_ruky/kak-sozdayut-neveroyatnuyu-faneru.html
[41/406 новая статья 41/406] https://www.kuvalda.ru/blog/articles/newinstr/novinki-makita-akkumulyatornyj-instrument-xgt-40-volt.html
[42/406 новая статья 42/406] https://www.kuvalda.ru/blog/articles/newinstr/bosch-gtb-650-obnovlennyj-setevoj-shurupovert-dlya-rabot-s-gipsokartonom.html
[43/406 новая статья 43/406] https://www.kuvalda.ru/blog/articles/newinstr/zelenoe-budushee-kak-kosilka-robot-husqvarna-budet-borozdit-stadiony-i-vytesnit-dymyashih-konkurentov.html
[44/406 новая статья 44/406] https://www.kuvalda.ru/blog/articles/promyshlennyj_shpionazh/novinki-ruchnogo-instrumenta-prezentaciya-knipexupdate-2021.html
[45/406 новая статья 45/406] https://www.kuvalda.ru/blog/articles/newinstr/novyj-perforator-dewalt-dch172n.html
[46/406 новая статья 46/406] https://www.kuvalda.ru/blog/articles/newinstr/novinki-metabo-5-akkumulyatornyh-instrumentov-dlya-sada.html
[47/406 новая статья 47/406] https://www.kuvalda.ru/blog/articles/polz/uhod-za-gazonom-s-husqvarna.html
[48/406 новая статья 48/406] https://www.kuvalda.ru/blog/articles/polz/drovnica-sdelat-samomu-ili-kupit.html
[49/406 новая статья 49/406] https://www.kuvalda.ru/blog/articles/polz/vse-preimushestva-kapelnogo-poliva.html
[50/406 новая статья 50/406] https://www.kuvalda.ru/blog/articles/polz/ekstraktor-kak-izvlech-povrezhdennyj-krepezh.html
[51/406 новая статья 51/406] https://www.kuvalda.ru/blog/articles/polz/zachem-udobryat-gazon-i-kak-pravilno-eto-delat.html
[52/406 новая статья 52/406] https://www.kuvalda.ru/blog/articles/raznoe/kak-razobrat-dom-ne-povrediv-ni-odnoj-detali-.html
[53/406 новая статья 53/406] https://www.kuvalda.ru/blog/articles/newinstr/novinka-ot-esab-elektrody-ok-goldrox.html
[54/406 новая статья 54/406] https://www.kuvalda.ru/blog/articles/polz/sushestvuet-li-alternativa-sadovoj-tachke.html
[55/406 новая статья 55/406] https://www.kuvalda.ru/blog/articles/newinstr/novinka-makita-2021-akkumulyatornyj-sadovyj-bur.html
[56/406 новая статья 56/406] https://www.kuvalda.ru/blog/articles/newinstr/novinka-bosch-diy-2021-lazernyj-nivelir-kotoryj-udivlyaet-svoej-konstrukciej.html
[57/406 новая статья 57/406] https://www.kuvalda.ru/blog/articles/polz/chto-takoe-zausovka-plitki-kak-oformlyayut-vneshnie-ugly-v-sovremennom-remonte.html
[58/406 новая статья 58/406] https://www.kuvalda.ru/blog/articles/polz/hitryj-krepezh-lestnic-k-avtobagazhniku.html
[59/406 новая статья 59/406] https://www.kuvalda.ru/blog/articles/newinstr/vtoraya-novinka-bosch-2021-perforator-gbh-220-professional.html
[60/406 новая статья 60/406] https://www.kuvalda.ru/blog/articles/newinstr/novinka-bosch-2021-frezer-gof-130.html
[61/406 новая статья 61/406] https://www.kuvalda.ru/blog/articles/raznoe/starinnyj-radiator-s-dvojnym-naznacheniem.html
[62/406 новая статья 62/406] https://www.kuvalda.ru/blog/articles/raznoe/stroitelnaya-mashina-protiv-kamenshikov.html
[63/406 новая статья 63/406] https://www.kuvalda.ru/blog/articles/newinstr/novinki-metabo-2020-2021.html
[64/406 новая статья 64/406] https://www.kuvalda.ru/blog/articles/raznoe/chto-obshego-mezhdu-elektrobajkom-i-verstakom-.html
[65/406 новая статья 65/406] https://www.kuvalda.ru/blog/articles/newinstr/chetyre-novyh-sadovyh-instrumenta-interskol.html
[66/406 новая статья 66/406] https://www.kuvalda.ru/blog/articles/newinstr/akkumulyatornye-novinki-interskol-2021-elektroinstrument.html
[67/406 новая статья 67/406] https://www.kuvalda.ru/blog/articles/raznoe/sadovyj-traktor-v-stile-krossovok-air-jordan.html
[68/406 новая статья 68/406] https://www.kuvalda.ru/blog/articles/polz/lentochnopilnyj-stanok-po-metallu-luchshij-vybor-dlya-cehov-i-proizvodstv.html
[69/406 новая статья 69/406] https://www.kuvalda.ru/blog/articles/polz/kak-delayut-gaechnye-klyuchi.html
[70/406 новая статья 70/406] https://www.kuvalda.ru/blog/articles/newinstr/novinka-zongshen-bqh-2200-e-s-elektrostarterom.html
[71/406 новая статья 71/406] https://www.kuvalda.ru/blog/articles/polz/v-chem-sekret-kachestvennogo-akb-instrumenta.html
[72/406 новая статья 72/406] https://www.kuvalda.ru/blog/articles/polz/kak-vedut-sebya-li-ion-akkumulyatornye-batarei-na-moroze.html
[73/406 новая статья 73/406] https://www.kuvalda.ru/blog/articles/newinstr/pila-interskol-dpa16518.html
[74/406 новая статья 74/406] https://www.kuvalda.ru/blog/articles/zolotye_ruky/stroitelnyj-pylesos-iz-starogo-hlama.html
[75/406 новая статья 75/406] https://www.kuvalda.ru/blog/articles/zolotye_ruky/Kak-postroit-biznes-na-rzhavyh-rubankah.html
[76/406 новая статья 76/406] https://www.kuvalda.ru/blog/articles/zolotye_ruky/promyshlennye-roboty-v-stolyarnom-dele.html
[77/406 новая статья 77/406] https://www.kuvalda.ru/blog/articles/promyshlennyj_shpionazh/Kak-sobirayut-shurupoverty-DeWALT.html
[78/406 новая статья 78/406] https://www.kuvalda.ru/blog/articles/promyshlennyj_shpionazh/akkumulyatornyy-alyans.html
[79/406 новая статья 79/406] https://www.kuvalda.ru/blog/articles/zolotye_ruky/monety-romana-butina.html
[80/406 новая статья 80/406] https://www.kuvalda.ru/blog/articles/newinstr/novinka-bosch-professional-2020.html
[81/406 новая статья 81/406] https://www.kuvalda.ru/blog/articles/zolotye_ruky/artel-taezhnyy-dom.html
[82/406 новая статья 82/406] https://www.kuvalda.ru/blog/articles/zolotye_ruky/motocikly-evgeniya-grigoreva.html
[83/406 новая статья 83/406] https://www.kuvalda.ru/blog/articles/newinstr/novinki-dewalt-2020_2.html
[84/406 новая статья 84/406] https://www.kuvalda.ru/blog/articles/newinstr/novinki-dewalt-2020.html
[85/406 новая статья 85/406] https://www.kuvalda.ru/blog/articles/raznoe/derevyannye-gvozdi.html
[86/406 новая статья 86/406] https://www.kuvalda.ru/blog/articles/zolotye_ruky/kanadskaya-skazka.html
[87/406 новая статья 87/406] https://www.kuvalda.ru/blog/articles/newinstr/novinki-knipex-2020.html
[88/406 новая статья 88/406] https://www.kuvalda.ru/blog/articles/zolotye_ruky/kartofelekopatel-yuriya-serbina.html
[89/406 новая статья 89/406] https://www.kuvalda.ru/blog/articles/newinstr/novinka-2020-ot-wera.html
[90/406 новая статья 90/406] https://www.kuvalda.ru/blog/articles/newinstr/novinka-husqvarna-2020.html
[91/406 новая статья 91/406] https://www.kuvalda.ru/blog/articles/raznoe/chto-takoe-sleb-i-pochemu-on-tak-populyaren.html
[92/406 новая статья 92/406] https://www.kuvalda.ru/blog/articles/newinstr/novinka-makita.html
[93/406 новая статья 93/406] https://www.kuvalda.ru/blog/articles/newinstr/novinki-bosch.html
[94/406 новая статья 94/406] https://www.kuvalda.ru/blog/articles/zolotye_ruky/prosto-na-pervyy-vzglyad.html
[95/406 новая статья 95/406] https://www.kuvalda.ru/blog/articles/newinstr/novinki-husqvarna_2.html
[96/406 новая статья 96/406] https://www.kuvalda.ru/blog/articles/newinstr/makita-x-lock.html
[97/406 новая статья 97/406] https://www.kuvalda.ru/blog/articles/newinstr/novinka-akkumulyatornyy-kompressor-metabo.html
[98/406 новая статья 98/406] https://www.kuvalda.ru/blog/articles/zolotye_ruky/intervyu-s-sergeem-sablinym.html
[99/406 новая статья 99/406] https://www.kuvalda.ru/blog/articles/zolotye_ruky/matias-plissnig.html
[100/406 новая статья 100/406] https://www.kuvalda.ru/blog/articles/newinstr/novinka-ot-metabo.html
[101/406 новая статья 101/406] https://www.kuvalda.ru/blog/articles/zolotye_ruky/vysshaya-stupen.html
[102/406 новая статья 102/406] https://www.kuvalda.ru/blog/articles/zolotye_ruky/ostorozhno-dveri-skladyvayutsya.html
[103/406 новая статья 103/406] https://www.kuvalda.ru/blog/articles/zolotye_ruky/amerikanka.html
[104/406 новая статья 104/406] https://www.kuvalda.ru/blog/articles/events/stihl-timbersports-2019.html
[105/406 новая статья 105/406] https://www.kuvalda.ru/blog/articles/newinstr/novinka-makita-odeyalo-s-podogrevom.html
[106/406 новая статья 106/406] https://www.kuvalda.ru/blog/articles/zolotye_ruky/legendarnoe-kreslo-eames-iz-bu-skeytbordov.html
[107/406 новая статья 107/406] https://www.kuvalda.ru/blog/articles/raznoe/kak-zvuchali-benzopily-60-let-nazad.html
[108/406 новая статья 108/406] https://www.kuvalda.ru/blog/articles/newinstr/eto-bolgarka-ili-cirkulyarka.html
[109/406 новая статья 109/406] https://www.kuvalda.ru/blog/articles/newinstr/prezentaciya-40-voltovoy-sistemy-makita-xgt.html
[110/406 новая статья 110/406] https://www.kuvalda.ru/blog/articles/promyshlennyj_shpionazh/istoriya-groz.html
[111/406 новая статья 111/406] https://www.kuvalda.ru/blog/articles/polz/perekrasit-vse.html
[112/406 новая статья 112/406] https://www.kuvalda.ru/blog/articles/raznoe/20-umopomrachitelnyh-zdaniy.html
[113/406 новая статья 113/406] https://www.kuvalda.ru/blog/articles/raznoe/korolevskoe-moto-gran-pri.html
[114/406 новая статья 114/406] https://www.kuvalda.ru/blog/articles/raznoe/stolyarka-s-ogonkom.html
[115/406 новая статья 115/406] https://www.kuvalda.ru/blog/articles/raznoe/most-v-srednevekove.html
[116/406 новая статья 116/406] https://www.kuvalda.ru/blog/articles/zolotye_ruky/mebelnyy-pazl.html
[117/406 новая статья 117/406] https://www.kuvalda.ru/blog/articles/polz/gazovaya-rezka-vs-plazmennaya-rezka.html
[118/406 новая статья 118/406] https://www.kuvalda.ru/blog/articles/raznoe/mobilnyy-klimat-kontrol.html
[119/406 новая статья 119/406] https://www.kuvalda.ru/blog/articles/events/vosstanavlivaem-starinnye-zdaniya-s-festivalem-tom-soyer-fest.html
[120/406 новая статья 120/406] https://www.kuvalda.ru/blog/articles/newinstr/kak-mogut-vyglyadet-svetilniki_2.html
[121/406 новая статья 121/406] https://www.kuvalda.ru/blog/articles/zolotye_ruky/stolyarnye-hitrosti.html
[122/406 новая статья 122/406] https://www.kuvalda.ru/blog/articles/raznoe/klara.html
[123/406 новая статья 123/406] https://www.kuvalda.ru/blog/articles/raznoe/okonnoe-zaryadnoe-ustroystvo.html
[124/406 новая статья 124/406] https://www.kuvalda.ru/blog/articles/raznoe/samaya-udobnaya-shtuka-dlya-raspakovki-posylok.html
[125/406 новая статья 125/406] https://www.kuvalda.ru/blog/articles/raznoe/porazitelnye-avto-prisposobleniya.html
[126/406 новая статья 126/406] https://www.kuvalda.ru/blog/articles/raznoe/robot-parkovschik.html
[127/406 новая статья 127/406] https://www.kuvalda.ru/blog/articles/raznoe/grafitovye-bashni.html
[128/406 новая статья 128/406] https://www.kuvalda.ru/blog/articles/raznoe/vaza-ognetushitel.html
[129/406 новая статья 129/406] https://www.kuvalda.ru/blog/articles/raznoe/5-krutyh-svetilnikov-v-masterskuyu.html
[130/406 новая статья 130/406] https://www.kuvalda.ru/blog/articles/raznoe/shpionskiy-stol.html
[131/406 новая статья 131/406] https://www.kuvalda.ru/blog/articles/raznoe/stolyarnoe-origami.html
[132/406 новая статья 132/406] https://www.kuvalda.ru/blog/articles/newinstr/tachka-mechty.html
[133/406 новая статья 133/406] https://www.kuvalda.ru/blog/articles/raznoe/lesnoy-multitul.html
[134/406 новая статья 134/406] https://www.kuvalda.ru/blog/articles/raznoe/umnye-bolty.html
[135/406 новая статья 135/406] https://www.kuvalda.ru/blog/articles/raznoe/jumbostay-.html
[136/406 новая статья 136/406] https://www.kuvalda.ru/blog/articles/raznoe/kak-nosit-drova-.html
[137/406 новая статья 137/406] https://www.kuvalda.ru/blog/articles/raznoe/diy-na-kolesah.html
[138/406 новая статья 138/406] https://www.kuvalda.ru/blog/articles/raznoe/blestyaschiy-sposob-ochistit-mashinu-ot-snega.html
[139/406 новая статья 139/406] https://www.kuvalda.ru/blog/articles/raznoe/v-nogu-so-vremenem_2.html
[140/406 новая статья 140/406] https://www.kuvalda.ru/blog/articles/newinstr/bosch-x-lock.html
[141/406 новая статья 141/406] https://www.kuvalda.ru/blog/articles/zolotye_ruky/thors-design.html
[142/406 новая статья 142/406] https://www.kuvalda.ru/blog/articles/polz/kak-vybrat-pusko-zaryadnoe-ustroystvo.html
[143/406 новая статья 143/406] https://www.kuvalda.ru/blog/articles/raznoe/bystrozazhimnye-strubciny-svoimi-rukami.html
[144/406 новая статья 144/406] https://www.kuvalda.ru/blog/articles/events/novogodniy-rekord.html
[145/406 новая статья 145/406] https://www.kuvalda.ru/blog/articles/polz/gotovim-snegouborochnuyu-mashinu-k-zime.html
[146/406 новая статья 146/406] https://www.kuvalda.ru/blog/articles/zolotye_ruky/ulyanovskiy-must-see.html
[147/406 новая статья 147/406] https://www.kuvalda.ru/blog/articles/polz/vybiraem-snegouborschik.html
[148/406 новая статья 148/406] https://www.kuvalda.ru/blog/articles/zolotye_ruky/muzyka-lego-i-nemnogo-fantazii.html
[149/406 новая статья 149/406] https://www.kuvalda.ru/blog/articles/polz/vybiraem-infrakrasnyy-obogrevatel.html
[150/406 новая статья 150/406] https://www.kuvalda.ru/blog/articles/polz/konvektor---sovremennoe-teplo.html
[151/406 новая статья 151/406] https://www.kuvalda.ru/blog/articles/polz/teplovaya-zavesa.html
[152/406 новая статья 152/406] https://www.kuvalda.ru/blog/articles/polz/tal-ruchnaya-ili-elektricheskaya.html
[153/406 новая статья 153/406] https://www.kuvalda.ru/blog/articles/polz/kak-vybrat-obdirochnuyu-schetku.html
[154/406 новая статья 154/406] https://www.kuvalda.ru/blog/articles/raznoe/chto-stanet-s-hitachi.html
[155/406 новая статья 155/406] https://www.kuvalda.ru/blog/articles/zolotye_ruky/remont-20.html
[156/406 новая статья 156/406] https://www.kuvalda.ru/blog/articles/polz/vozduhoduvki-chem-otlichayutsya-i-kak-vybrat.html
[157/406 новая статья 157/406] https://www.kuvalda.ru/blog/articles/polz/zazemlenie.html
[158/406 новая статья 158/406] https://www.kuvalda.ru/blog/articles/zolotye_ruky/borodatye-i-ochen-modnye.html
[159/406 новая статья 159/406] https://www.kuvalda.ru/blog/articles/raznoe/burning-man-2018.html
[160/406 новая статья 160/406] https://www.kuvalda.ru/blog/articles/newinstr/bezopasnyy-podem.html
[161/406 новая статья 161/406] https://www.kuvalda.ru/blog/articles/polz/vybiraem-skobozabivatel.html
[162/406 новая статья 162/406] https://www.kuvalda.ru/blog/articles/events/dolshe-legche-silnee.html
[163/406 новая статья 163/406] https://www.kuvalda.ru/blog/articles/polz/ostorozhno-goryacho.html
[164/406 новая статья 164/406] https://www.kuvalda.ru/blog/articles/polz/zakrutit-i-zabyt.html
[165/406 новая статья 165/406] https://www.kuvalda.ru/blog/articles/polz/vybiraem-shlifmashinu.html
[166/406 новая статья 166/406] https://www.kuvalda.ru/blog/articles/newinstr/chistaya-rabota.html
[167/406 новая статья 167/406] https://www.kuvalda.ru/blog/articles/raznoe/proekt-asimov.html
[168/406 новая статья 168/406] https://www.kuvalda.ru/blog/articles/polz/gde-prigoditsya-gazovaya-gorelka.html
[169/406 новая статья 169/406] https://www.kuvalda.ru/blog/articles/raznoe/myach-v-igre.html
[170/406 новая статья 170/406] https://www.kuvalda.ru/blog/articles/newinstr/pervym-delom-samolety.html
[171/406 новая статья 171/406] https://www.kuvalda.ru/blog/articles/raznoe/sekretnye-sovetskie-materialy.html
[172/406 новая статья 172/406] https://www.kuvalda.ru/blog/articles/raznoe/chudo-nad-sietlom.html
[173/406 новая статья 173/406] https://www.kuvalda.ru/blog/articles/raznoe/kak-zaryadish-tak-i-pokosish.html
[174/406 новая статья 174/406] https://www.kuvalda.ru/blog/articles/zolotye_ruky/ladnoe-delo.html
[175/406 новая статья 175/406] https://www.kuvalda.ru/blog/articles/raznoe/zabit-na-slozhnosti.html
[176/406 новая статья 176/406] https://www.kuvalda.ru/blog/articles/raznoe/roboty---inzhenery.html
[177/406 новая статья 177/406] https://www.kuvalda.ru/blog/articles/raznoe/diy-vne-zakona.html
[178/406 новая статья 178/406] https://www.kuvalda.ru/blog/articles/zolotye_ruky/vysokie-chuvstva.html
[179/406 новая статья 179/406] https://www.kuvalda.ru/blog/articles/raznoe/promet.html
[180/406 новая статья 180/406] https://www.kuvalda.ru/blog/articles/newinstr/instrumentum.html
[181/406 новая статья 181/406] https://www.kuvalda.ru/blog/articles/newinstr/odin-luchshe-drugogo.html
[182/406 новая статья 182/406] https://www.kuvalda.ru/blog/articles/raznoe/ispytatelnyy-poligon-stanley.html
[183/406 новая статья 183/406] https://www.kuvalda.ru/blog/articles/events/konferenciya-husqvarna-2018-v-sochi.html
[184/406 новая статья 184/406] https://www.kuvalda.ru/blog/articles/newinstr/chem-prosche---tem-luchshe.html
[185/406 новая статья 185/406] https://www.kuvalda.ru/blog/articles/raznoe/avtorskiy-podhod-k-hraneniyu-ruchnogo-instrumenta.html
[186/406 новая статья 186/406] https://www.kuvalda.ru/blog/articles/events/lovis-rybka.html
[187/406 новая статья 187/406] https://www.kuvalda.ru/blog/articles/zolotye_ruky/tochno-v-cel.html
[188/406 новая статья 188/406] https://www.kuvalda.ru/blog/articles/zolotye_ruky/vernutsya-k-kornyam.html
[189/406 новая статья 189/406] https://www.kuvalda.ru/blog/articles/zolotye_ruky/instrumentalnyy-ansambl.html
[190/406 новая статья 190/406] https://www.kuvalda.ru/blog/articles/zolotye_ruky/guselnyh-del-master.html
[191/406 новая статья 191/406] https://www.kuvalda.ru/blog/articles/zolotye_ruky/pyaterka-po-trudu.html
[192/406 новая статья 192/406] https://www.kuvalda.ru/blog/articles/zolotye_ruky/stupeni-masterstva.html
[193/406 новая статья 193/406] https://www.kuvalda.ru/blog/articles/zolotye_ruky/sohranit-i-priumnozhit.html
[194/406 новая статья 194/406] https://www.kuvalda.ru/blog/articles/zolotye_ruky/i-smeh-i-svet.html
[195/406 новая статья 195/406] https://www.kuvalda.ru/blog/articles/zolotye_ruky/dveri-k-znaniyam.html
[196/406 новая статья 196/406] https://www.kuvalda.ru/blog/articles/zolotye_ruky/razdelyay-i-vlastvuy.html
[197/406 новая статья 197/406] https://www.kuvalda.ru/blog/articles/zolotye_ruky/stolyarnyy-modern.html
[198/406 новая статья 198/406] https://www.kuvalda.ru/blog/articles/zolotye_ruky/svaroga-vnuki.html
[199/406 новая статья 199/406] https://www.kuvalda.ru/blog/articles/zolotye_ruky/tri-tenora.html
[200/406 новая статья 200/406] https://www.kuvalda.ru/blog/articles/zolotye_ruky/more-vozmozhnostey.html
[201/406 новая статья 201/406] https://www.kuvalda.ru/blog/articles/zolotye_ruky/uralskie-skazki.html
[202/406 новая статья 202/406] https://www.kuvalda.ru/blog/articles/zolotye_ruky/zhizn-v-yarkih-kraskah.html
[203/406 новая статья 203/406] https://www.kuvalda.ru/blog/articles/zolotye_ruky/roman-s-derevom.html
[204/406 новая статья 204/406] https://www.kuvalda.ru/blog/articles/raznoe/dve-zhizni-dereva.html
[205/406 новая статья 205/406] https://www.kuvalda.ru/blog/articles/zolotye_ruky/upravlyat-mechtoy.html
[206/406 новая статья 206/406] https://www.kuvalda.ru/blog/articles/zolotye_ruky/rodom-iz-detstva.html
[207/406 новая статья 207/406] https://www.kuvalda.ru/blog/articles/zolotye_ruky/delo-mastera-boitsya.html
[208/406 новая статья 208/406] https://www.kuvalda.ru/blog/articles/zolotye_ruky/poryadok-prezhde-vsego.html
[209/406 новая статья 209/406] https://www.kuvalda.ru/blog/articles/zolotye_ruky/vzyat-naporom.html
[210/406 новая статья 210/406] https://www.kuvalda.ru/blog/articles/zolotye_ruky/programma-maksimum.html
[211/406 новая статья 211/406] https://www.kuvalda.ru/blog/articles/zolotye_ruky/eto-vam-ne-igrushki.html
[212/406 новая статья 212/406] https://www.kuvalda.ru/blog/articles/zolotye_ruky/tachka-na-prokachku.html
[213/406 новая статья 213/406] https://www.kuvalda.ru/blog/articles/zolotye_ruky/familnoe-drevo.html
[214/406 новая статья 214/406] https://www.kuvalda.ru/blog/articles/zolotye_ruky/dat-zelenyy-svet.html
[215/406 новая статья 215/406] https://www.kuvalda.ru/blog/articles/zolotye_ruky/isklyuchitelnoe-pravo.html
[216/406 новая статья 216/406] https://www.kuvalda.ru/blog/articles/zolotye_ruky/svarit-i-zamorozit.html
[217/406 новая статья 217/406] https://www.kuvalda.ru/blog/articles/zolotye_ruky/pravilnyy-shestiugolnik.html
[218/406 новая статья 218/406] https://www.kuvalda.ru/blog/articles/zolotye_ruky/priroda-geniya.html
[219/406 новая статья 219/406] https://www.kuvalda.ru/blog/articles/zolotye_ruky/lichnoe-delo.html
[220/406 новая статья 220/406] https://www.kuvalda.ru/blog/articles/zolotye_ruky/uspet-za-8-minut.html
[221/406 новая статья 221/406] https://www.kuvalda.ru/blog/articles/zolotye_ruky/storony-sveta.html
[222/406 новая статья 222/406] https://www.kuvalda.ru/blog/articles/zolotye_ruky/vot-etimi-rukami.html
[223/406 новая статья 223/406] https://www.kuvalda.ru/blog/articles/zolotye_ruky/svetlaya-ideya.html
[224/406 новая статья 224/406] https://www.kuvalda.ru/blog/articles/zolotye_ruky/vyzov-prinyat.html
[225/406 новая статья 225/406] https://www.kuvalda.ru/blog/articles/zolotye_ruky/zdes-kuyut-metall.html
[226/406 новая статья 226/406] https://www.kuvalda.ru/blog/articles/zolotye_ruky/kamennye-chertogi.html
[227/406 новая статья 227/406] https://www.kuvalda.ru/blog/articles/zolotye_ruky/stroyka-po-amerikanski.html
[228/406 новая статья 228/406] https://www.kuvalda.ru/blog/articles/zolotye_ruky/sfera-zhizni.html
[229/406 новая статья 229/406] https://www.kuvalda.ru/blog/articles/raznoe/missiya-postroit-i-napechatat-tort.html
[230/406 новая статья 230/406] https://www.kuvalda.ru/blog/articles/zolotye_ruky/ya-benzopilyu-na-pervom.html
[231/406 новая статья 231/406] https://www.kuvalda.ru/blog/articles/zolotye_ruky/krepkiy-oreshek.html
[232/406 новая статья 232/406] https://www.kuvalda.ru/blog/articles/zolotye_ruky/v-nem-vsya-sol.html
[233/406 новая статья 233/406] https://www.kuvalda.ru/blog/articles/zolotye_ruky/kraft-i-hayp.html
[234/406 новая статья 234/406] https://www.kuvalda.ru/blog/articles/zolotye_ruky/chto-takoe-dom-termos.html
[235/406 новая статья 235/406] https://www.kuvalda.ru/blog/articles/zolotye_ruky/chelovek-orkestr.html
[236/406 новая статья 236/406] https://www.kuvalda.ru/blog/articles/events/slet-drevodelov.html
[237/406 новая статья 237/406] https://www.kuvalda.ru/blog/articles/zolotye_ruky/zhenskoe-eto-delo.html
[238/406 новая статья 238/406] https://www.kuvalda.ru/blog/articles/zolotye_ruky/teplo-voda-i-mednye-truby.html
[239/406 новая статья 239/406] https://www.kuvalda.ru/blog/articles/zolotye_ruky/syzranskiy-loft.html
[240/406 новая статья 240/406] https://www.kuvalda.ru/blog/articles/raznoe/traktornaya-mosch.html
[241/406 новая статья 241/406] https://www.kuvalda.ru/blog/articles/raznoe/podsmotreno.html
[242/406 новая статья 242/406] https://www.kuvalda.ru/blog/articles/newinstr/prezentaciya-dewalt-2017.html
[243/406 новая статья 243/406] https://www.kuvalda.ru/blog/articles/zolotye_ruky/topovyy-samorez.html
[244/406 новая статья 244/406] https://www.kuvalda.ru/blog/articles/polz/rukinozhnicy.html
[245/406 новая статья 245/406] https://www.kuvalda.ru/blog/articles/zolotye_ruky/rodina-moya---belorussiya.html
[246/406 новая статья 246/406] https://www.kuvalda.ru/blog/articles/zolotye_ruky/gruppa-plazmy.html
[247/406 новая статья 247/406] https://www.kuvalda.ru/blog/articles/promyshlennyj_shpionazh/stroyka-otmenyaetsya.html
[248/406 новая статья 248/406] https://www.kuvalda.ru/blog/articles/promyshlennyj_shpionazh/eto-hevi-metal.html
[249/406 новая статья 249/406] https://www.kuvalda.ru/blog/articles/zolotye_ruky/dayte-svet.html
[250/406 новая статья 250/406] https://www.kuvalda.ru/blog/articles/zolotye_ruky/varit-i-pilit.html
[251/406 новая статья 251/406] https://www.kuvalda.ru/blog/articles/zolotye_ruky/sekret-na-million.html
[252/406 новая статья 252/406] https://www.kuvalda.ru/blog/articles/zolotye_ruky/stolyarnaya-geografiya.html
[253/406 новая статья 253/406] https://www.kuvalda.ru/blog/articles/zolotye_ruky/otdelka-na-million.html
[254/406 новая статья 254/406] https://www.kuvalda.ru/blog/articles/promyshlennyj_shpionazh/predmetnyy-razgovor.html
[255/406 новая статья 255/406] https://www.kuvalda.ru/blog/articles/zolotye_ruky/terpenie-i-trud.html
[256/406 новая статья 256/406] https://www.kuvalda.ru/blog/articles/zolotye_ruky/taktilnyy-kontakt.html
[257/406 новая статья 257/406] https://www.kuvalda.ru/blog/articles/zolotye_ruky/haypovaya-stroyka.html
[258/406 новая статья 258/406] https://www.kuvalda.ru/blog/articles/zolotye_ruky/torcevye-zapily.html
[259/406 новая статья 259/406] https://www.kuvalda.ru/blog/articles/zolotye_ruky/dobryh-del-master.html
[260/406 новая статья 260/406] https://www.kuvalda.ru/blog/articles/zolotye_ruky/gni-svoyu-liniyu.html
[261/406 новая статья 261/406] https://www.kuvalda.ru/blog/articles/zolotye_ruky/saga-o-remonte.html
[262/406 новая статья 262/406] https://www.kuvalda.ru/blog/articles/zolotye_ruky/filosofiya-veschey.html
[263/406 новая статья 263/406] https://www.kuvalda.ru/blog/articles/zolotye_ruky/polet-mysli.html
[264/406 новая статья 264/406] https://www.kuvalda.ru/blog/articles/zolotye_ruky/bannyy-den.html
[265/406 новая статья 265/406] https://www.kuvalda.ru/blog/articles/zolotye_ruky/zheleznyy-harakter.html
[266/406 новая статья 266/406] https://www.kuvalda.ru/blog/articles/zolotye_ruky/delo-chesti.html
[267/406 новая статья 267/406] https://www.kuvalda.ru/blog/articles/zolotye_ruky/my-verim-v-kraft.html
[268/406 новая статья 268/406] https://www.kuvalda.ru/blog/articles/zolotye_ruky/drevo-zhizni.html
[269/406 новая статья 269/406] https://www.kuvalda.ru/blog/articles/events/tur-de-chubovka.html
[270/406 новая статья 270/406] https://www.kuvalda.ru/blog/articles/zolotye_ruky/koshkin-dom.html
[271/406 новая статья 271/406] https://www.kuvalda.ru/blog/articles/zolotye_ruky/the-doors.html
[272/406 новая статья 272/406] https://www.kuvalda.ru/blog/articles/events/iz-lesu-vestimo.html
[273/406 новая статья 273/406] https://www.kuvalda.ru/blog/articles/polz/legkoe-ispytanie.html
[274/406 новая статья 274/406] https://www.kuvalda.ru/blog/articles/raznoe/istoriya-odnoy-lyustry.html
[275/406 новая статья 275/406] https://www.kuvalda.ru/blog/articles/zolotye_ruky/ispanec.html
[276/406 новая статья 276/406] https://www.kuvalda.ru/blog/articles/zolotye_ruky/moya-semya.html
[277/406 новая статья 277/406] https://www.kuvalda.ru/blog/articles/zolotye_ruky/delo-v-detalyah.html
[278/406 новая статья 278/406] https://www.kuvalda.ru/blog/articles/zolotye_ruky/tok-shou.html
[279/406 новая статья 279/406] https://www.kuvalda.ru/blog/articles/zolotye_ruky/za-nim-sidyat.html
[280/406 новая статья 280/406] https://www.kuvalda.ru/blog/articles/zolotye_ruky/sudby-spletene.html
[281/406 новая статья 281/406] https://www.kuvalda.ru/blog/articles/zolotye_ruky/kak-na-igolkah.html
[282/406 новая статья 282/406] https://www.kuvalda.ru/blog/articles/zolotye_ruky/bez-edinogo-gvozdya.html
[283/406 новая статья 283/406] https://www.kuvalda.ru/blog/articles/zolotye_ruky/nasledie-russkogo-severa.html
[284/406 новая статья 284/406] https://www.kuvalda.ru/blog/articles/raznoe/begstvo-v-istoriyu.html
[285/406 новая статья 285/406] https://www.kuvalda.ru/blog/articles/events/byvalye-parusa.html
[286/406 новая статья 286/406] https://www.kuvalda.ru/blog/articles/zolotye_ruky/liho-zakruchen.html
[287/406 новая статья 287/406] https://www.kuvalda.ru/blog/articles/events/ogon-batareya.html
[288/406 новая статья 288/406] https://www.kuvalda.ru/blog/articles/zolotye_ruky/divnyy-slon.html
[289/406 новая статья 289/406] https://www.kuvalda.ru/blog/articles/raznoe/u-vas-za-spinoy.html
[290/406 новая статья 290/406] https://www.kuvalda.ru/blog/articles/zolotye_ruky/vashe-blagorodie.html
[291/406 новая статья 291/406] https://www.kuvalda.ru/blog/articles/zolotye_ruky/buduschee-vremya.html
[292/406 новая статья 292/406] https://www.kuvalda.ru/blog/articles/zolotye_ruky/kofe-bayk-i-mednye-truby.html
[293/406 новая статья 293/406] https://www.kuvalda.ru/blog/articles/zolotye_ruky/darit-svet-lyudyam.html
[294/406 новая статья 294/406] https://www.kuvalda.ru/blog/articles/promyshlennyj_shpionazh/predyavite-dokumenty.html
[295/406 новая статья 295/406] https://www.kuvalda.ru/blog/articles/promyshlennyj_shpionazh/triumfalnye-vorota.html
[296/406 новая статья 296/406] https://www.kuvalda.ru/blog/articles/zolotye_ruky/godichnye-kolca.html
[297/406 новая статья 297/406] https://www.kuvalda.ru/blog/articles/events/tom-soyer-fest-2017.html
[298/406 новая статья 298/406] https://www.kuvalda.ru/blog/articles/zolotye_ruky/i-butylka-hroma.html
[299/406 новая статья 299/406] https://www.kuvalda.ru/blog/articles/events/molody-i-professionalny.html
[300/406 новая статья 300/406] https://www.kuvalda.ru/blog/articles/promyshlennyj_shpionazh/cdelaem-eto-po-bystromu.html
[301/406 новая статья 301/406] https://www.kuvalda.ru/blog/articles/zolotye_ruky/pervaya-ledi.html
[302/406 новая статья 302/406] https://www.kuvalda.ru/blog/articles/zolotye_ruky/vremya-pervyh.html
[303/406 новая статья 303/406] https://www.kuvalda.ru/blog/articles/zolotye_ruky/spasti-lyuboy-cenoy.html
[304/406 новая статья 304/406] https://www.kuvalda.ru/blog/articles/promyshlennyj_shpionazh/grazhdanin-svoey-strany.html
[305/406 новая статья 305/406] https://www.kuvalda.ru/blog/articles/zolotye_ruky/sila-tyazhesti.html
[306/406 новая статья 306/406] https://www.kuvalda.ru/blog/articles/promyshlennyj_shpionazh/smertelnyy-nomer.html
[307/406 новая статья 307/406] https://www.kuvalda.ru/blog/articles/raznoe/novoe-video-ot-bosch.html
[308/406 новая статья 308/406] https://www.kuvalda.ru/blog/articles/zolotye_ruky/lesnoy-car.html
[309/406 новая статья 309/406] https://www.kuvalda.ru/blog/articles/promyshlennyj_shpionazh/nevidimyy-front.html
[310/406 новая статья 310/406] https://www.kuvalda.ru/blog/articles/raznoe/osnovnye-harakteristiki-svarochnogo-apparata-mma_2.html
[311/406 новая статья 311/406] https://www.kuvalda.ru/blog/articles/zolotye_ruky/ne-strelyayte.html
[312/406 новая статья 312/406] https://www.kuvalda.ru/blog/articles/promyshlennyj_shpionazh/vse-sekrety-avtonomnogo-energosnabzheniya.html
[313/406 новая статья 313/406] https://www.kuvalda.ru/blog/articles/newinstr/sadovaya-pora.html
[314/406 новая статья 314/406] https://www.kuvalda.ru/blog/articles/events/fotoreportazh-festival-stolyarnogo-dela.html
[315/406 новая статья 315/406] https://www.kuvalda.ru/blog/articles/zolotye_ruky/budu-rezat-budu-zhit.html
[316/406 новая статья 316/406] https://www.kuvalda.ru/blog/articles/zolotye_ruky/na-vse-ruki.html
[317/406 новая статья 317/406] https://www.kuvalda.ru/blog/articles/zolotye_ruky/umyvalnikov-nachalnik.html
[318/406 новая статья 318/406] https://www.kuvalda.ru/blog/articles/promyshlennyj_shpionazh/naporistyy-harakter.html
[319/406 новая статья 319/406] https://www.kuvalda.ru/blog/articles/promyshlennyj_shpionazh/nesnosnye-nasosy.html
[320/406 новая статья 320/406] https://www.kuvalda.ru/blog/articles/zolotye_ruky/kuet-poet-i-pishet.html
[321/406 новая статья 321/406] https://www.kuvalda.ru/blog/articles/zolotye_ruky/kak-bezumnyy-maks.html
[322/406 новая статья 322/406] https://www.kuvalda.ru/blog/articles/zolotye_ruky/ukrotitel-zhesti.html
[323/406 новая статья 323/406] https://www.kuvalda.ru/blog/articles/promyshlennyj_shpionazh/v-mire-zhivotnyh.html
[324/406 новая статья 324/406] https://www.kuvalda.ru/blog/articles/promyshlennyj_shpionazh/vola.html
[325/406 новая статья 325/406] https://www.kuvalda.ru/blog/articles/polz/osnovnye-vidy-svarki.html
[326/406 новая статья 326/406] https://www.kuvalda.ru/blog/articles/promyshlennyj_shpionazh/brata-dva.html
[327/406 новая статья 327/406] https://www.kuvalda.ru/blog/articles/zolotye_ruky/kurganec-ivan-baev-20-let-sozdaet-stanki-v-svoey-masterskoy.html
[328/406 новая статья 328/406] https://www.kuvalda.ru/blog/articles/promyshlennyj_shpionazh/steklyannaya-reka-derevyannye-berega.html
[329/406 новая статья 329/406] https://www.kuvalda.ru/blog/articles/raznoe/made-in.html
[330/406 новая статья 330/406] https://www.kuvalda.ru/blog/articles/zolotye_ruky/korol-mikroklimata.html
[331/406 новая статья 331/406] https://www.kuvalda.ru/blog/articles/promyshlennyj_shpionazh/dvoynoe-grazhdanstvo.html
[332/406 новая статья 332/406] https://www.kuvalda.ru/blog/articles/zolotye_ruky/mezhdu-nebom-i-zemley.html
[333/406 новая статья 333/406] https://www.kuvalda.ru/blog/articles/promyshlennyj_shpionazh/bolshaya-stroyka_2.html
[334/406 новая статья 334/406] https://www.kuvalda.ru/blog/articles/zolotye_ruky/zheleznye-ledi.html
[335/406 новая статья 335/406] https://www.kuvalda.ru/blog/articles/promyshlennyj_shpionazh/betonnye-zavodily_2.html
[336/406 новая статья 336/406] https://www.kuvalda.ru/blog/articles/raznoe/snimite-eto-nemedlenno.html
[337/406 новая статья 337/406] https://www.kuvalda.ru/blog/articles/raznoe/taezhnyy-roman.html
[338/406 новая статья 338/406] https://www.kuvalda.ru/blog/articles/zolotye_ruky/ruchki-vyshe.html
[339/406 новая статья 339/406] https://www.kuvalda.ru/blog/articles/zolotye_ruky/mir-otkrytyh-dverey.html
[340/406 новая статья 340/406] https://www.kuvalda.ru/blog/articles/promyshlennyj_shpionazh/dlinnaya-istoriya.html
[341/406 новая статья 341/406] https://www.kuvalda.ru/blog/articles/raznoe/zaschischaytes.html
[342/406 новая статья 342/406] https://www.kuvalda.ru/blog/articles/zolotye_ruky/priruchit-drakona.html
[343/406 новая статья 343/406] https://www.kuvalda.ru/blog/articles/promyshlennyj_shpionazh/lodka-lyubvi.html
[344/406 новая статья 344/406] https://www.kuvalda.ru/blog/articles/zolotye_ruky/vysshaya-shkola.html
[345/406 новая статья 345/406] https://www.kuvalda.ru/blog/articles/promyshlennyj_shpionazh/derevo-tyanetsya-k-solncu.html
[346/406 новая статья 346/406] https://www.kuvalda.ru/blog/articles/zolotye_ruky/sibiriada.html
[347/406 новая статья 347/406] https://www.kuvalda.ru/blog/articles/zolotye_ruky/kapitan-fantastik.html
[348/406 новая статья 348/406] https://www.kuvalda.ru/blog/articles/raznoe/izmerit-vse-puteshestvie-vlagomera-testo-cherez-atlanticheskiy-okean.html
[349/406 новая статья 349/406] https://www.kuvalda.ru/blog/articles/polz/profi-sovetuyut-chudo-samorezy-iz-velikobritanii.html
[350/406 новая статья 350/406] https://www.kuvalda.ru/blog/articles/zolotye_ruky/inzhener-protiv-stihii.html
[351/406 новая статья 351/406] https://www.kuvalda.ru/blog/articles/zolotye_ruky/po-poteryannym-sledam-kak-shkolnik-vosstanavlivaet-kulturnoe-nasledie-goroda.html
[352/406 новая статья 352/406] https://www.kuvalda.ru/blog/articles/zolotye_ruky/deti-velunda-kak-politolog-hirurg-i-himik-vstretilis-v-kuzne.html
[353/406 новая статья 353/406] https://www.kuvalda.ru/blog/articles/zolotye_ruky/rubanki-est-zachem-dizayner-zanyalsya-izgotovleniem-ruchnogo-instrumenta.html
[354/406 новая статья 354/406] https://www.kuvalda.ru/blog/articles/zolotye_ruky/vse-sam-kak-organizovat-3d-tipografiyu-v-obychnoy-kvartire.html
[355/406 новая статья 355/406] https://www.kuvalda.ru/blog/articles/zolotye_ruky/da-zdravstvuet-korol-istoriya-kuznicy-gde-carit-absolyutnaya-monarhiya.html
[356/406 новая статья 356/406] https://www.kuvalda.ru/blog/articles/zolotye_ruky/pereday-drugomu-kak-hudozhnik-peredaet-tradicii-ruchnoy-rezby-detyam.html
[357/406 новая статья 357/406] https://www.kuvalda.ru/blog/articles/zolotye_ruky/delay-vesch-kak-otkrytaya-stolyarnaya-masterskaya-zadumala-sdelat-vseh-schastlivymi.html
[358/406 новая статья 358/406] https://www.kuvalda.ru/blog/articles/zolotye_ruky/semeynyy-podryad-kak-zhivet-i-rabotaet-semya-rezchikov-iz-chetyreh-chelovek.html
[359/406 новая статья 359/406] https://www.kuvalda.ru/blog/articles/zolotye_ruky/frol-vsemoguschiy-kak-hudozhnik-sovmeschaet-sozdanie-kartin-s-plotnichestvom.html
[360/406 новая статья 360/406] https://www.kuvalda.ru/blog/articles/zolotye_ruky/u-hrista-za-pazuhoy-kak-sdelat-krestik-yuvelirnoy-raboty-na-stanke-s-chpu.html
[361/406 новая статья 361/406] https://www.kuvalda.ru/blog/articles/promyshlennyj_shpionazh/snyat-napryazhenie-kak-proizvodyat-istochniki-bespereboynogo-pitaniya.html
[362/406 новая статья 362/406] https://www.kuvalda.ru/blog/articles/zolotye_ruky/potomstvennyy-stolyar-kto-delaet-mebel-dlya-uchastnika-spiska-forbes.html
[363/406 новая статья 363/406] https://www.kuvalda.ru/blog/articles/zolotye_ruky/uralskoe-nasledie-kak-v-ekaterinburge-kuyut-i-rubyat-srednevekovye-topory-i-sunduki.html
[364/406 новая статья 364/406] https://www.kuvalda.ru/blog/articles/zolotye_ruky/golymi-rukami-sdelat-stul-v-stile-sema-malufa-s-pomoschyu-stamesok.html
[365/406 новая статья 365/406] https://www.kuvalda.ru/blog/articles/promyshlennyj_shpionazh/zavidnyy-metabolizm-kak-ustroen-zavod-instrumentov-metabo-v-germanii.html
[366/406 новая статья 366/406] https://www.kuvalda.ru/blog/articles/promyshlennyj_shpionazh/vraschaysya-skoree-zavod-superprochnyh-sverl-keil.html
[367/406 новая статья 367/406] https://www.kuvalda.ru/blog/articles/zolotye_ruky/po-natyanutoy-strune-kak-delayut-elektrogitary-dlya-metallistov.html
[368/406 новая статья 368/406] https://www.kuvalda.ru/blog/articles/zolotye_ruky/kak-izgotavlivayut-kovry-dlya-prezidenta.html
[369/406 новая статья 369/406] https://www.kuvalda.ru/blog/articles/promyshlennyj_shpionazh/vse-na-svete-ya-pilyu-kak-proizvodyat-pily-nozhovki-i-koronki-so-150-letney-istoriey.html
[370/406 новая статья 370/406] https://www.kuvalda.ru/blog/articles/promyshlennyj_shpionazh/kruchu-verchu-kak-delayut-premialnyy-ruchnoy-instrument-witte.html
[371/406 новая статья 371/406] https://www.kuvalda.ru/blog/articles/promyshlennyj_shpionazh/rezh-kusay-zavod-nemeckogo-ruchnogo-instrumenta-nws.html
[372/406 новая статья 372/406] https://www.kuvalda.ru/blog/articles/promyshlennyj_shpionazh/darit-teplo-lyudyam-ekskursiya-na-zavod-teplovogo-oborudovaniya-i-betonosmesiteley.html
[373/406 новая статья 373/406] https://www.kuvalda.ru/blog/articles/zolotye_ruky/simfoniya-taygi-zachem-latysh-vosstanavlivaet-tradicii-izgotovleniya-muzykalnyh-instrumentov-v-rossiyskoy-glubinke.html
[374/406 новая статья 374/406] https://www.kuvalda.ru/blog/articles/zolotye_ruky/krasota-po-amerikanski-kak-stolyar-bloger-sozdaet-shtuchnye-shedevry-iz-dereva.html
[375/406 новая статья 375/406] https://www.kuvalda.ru/blog/articles/zolotye_ruky/loft-kult-kak-svarschiki-stali-dizaynerami-interera.html
[376/406 новая статья 376/406] https://www.kuvalda.ru/blog/articles/promyshlennyj_shpionazh/vot-eto-uroven-ekskursiya-na-zavod-neubivaemyh-nivelirov-stabila.html
[377/406 новая статья 377/406] https://www.kuvalda.ru/blog/articles/zolotye_ruky/stroitelstvo-tortov-kak-v-arsenale-konditerov-okazalis-termofeny-i-kraskopulty.html
[378/406 новая статья 378/406] https://www.kuvalda.ru/blog/articles/raznoe/dobrye-dela-zapas-ruchnogo-instrumenta-dlya-chempionov-velosporta.html
[379/406 новая статья 379/406] https://www.kuvalda.ru/blog/articles/zolotye_ruky/missiya-vypolnima-stilizovat-kottedzh-pod-starinnyy-terem.html
[380/406 новая статья 380/406] https://www.kuvalda.ru/blog/articles/events/mitex-2016-premery-i-innovacii-glavnoy-vystavki-instrumenta-i-tehnologiy.html
[381/406 новая статья 381/406] https://www.kuvalda.ru/blog/articles/promyshlennyj_shpionazh/sluchay-na-zavode-gde-i-kak-delayut-instrument-bosch.html
[382/406 новая статья 382/406] https://www.kuvalda.ru/blog/articles/raznoe/derevoobrabotka-ne-takoy-kak-vse.html
[383/406 новая статья 383/406] https://www.kuvalda.ru/blog/articles/zolotye_ruky/amerikanskiy-renessans-emigrant-vozrozhdaet-iskusstvo-rezby-po-derevu-za-okeanom.html
[384/406 новая статья 384/406] https://www.kuvalda.ru/blog/articles/zolotye_ruky/idealnaya-para-proizvodstvo-obuvi-na-zakaz.html
[385/406 новая статья 385/406] https://www.kuvalda.ru/blog/articles/promyshlennyj_shpionazh/po-sledu-ezha-kak-delayut-kraski-dufa.html
[386/406 новая статья 386/406] https://www.kuvalda.ru/blog/articles/zolotye_ruky/chudesa-selekcii-vyrastit-svetilnik-i-slova-iz-berezy.html
[387/406 новая статья 387/406] https://www.kuvalda.ru/blog/articles/zolotye_ruky/kto-i-kak-sozdaet-dekoracii-dlya-teatra.html
[388/406 новая статья 388/406] https://www.kuvalda.ru/blog/articles/events/tom-soyer-fest-itogi-vtorogo-festivalya-po-vosstanovleniyu-istoricheskih-domov.html
[389/406 новая статья 389/406] https://www.kuvalda.ru/blog/articles/promyshlennyj_shpionazh/goryachiy-ceh-kak-delayut-teplovoe-oborudovanie.html
[390/406 новая статья 390/406] https://www.kuvalda.ru/blog/articles/zolotye_ruky/kak-v-peterburge-stroyat-derevyannyy-korabl-na-54-pushki.html
[391/406 новая статья 391/406] https://www.kuvalda.ru/blog/articles/promyshlennyj_shpionazh/carica-poley-i-ogorodov-kak-delayut-lopaty.html
[392/406 новая статья 392/406] https://www.kuvalda.ru/blog/articles/zolotye_ruky/kak-delayut-mebel-dlya-restoranov.html
[393/406 новая статья 393/406] https://www.kuvalda.ru/blog/articles/zolotye_ruky/kak-kuznecy-rekonstruktory-sozdayut-srednevekovye-dospehi.html
[394/406 новая статья 394/406] https://www.kuvalda.ru/blog/articles/newinstr/kak-sekonomit-na-besprovodnom-instrumente.html
[395/406 новая статья 395/406] https://www.kuvalda.ru/blog/articles/zolotye_ruky/inzhener-21-veka-specialist-lazernyh-tehnologiy.html
[396/406 новая статья 396/406] https://www.kuvalda.ru/blog/articles/zolotye_ruky/kak-s-pomoschyu-pily-prevratit-kusok-dereva-v-boga.html
[397/406 новая статья 397/406] https://www.kuvalda.ru/blog/articles/events/kak-sozdavalsya-muzey-sovremennoy-skulptury-pod-otkrytym-nebom.html
[398/406 новая статья 398/406] https://www.kuvalda.ru/blog/articles/zolotye_ruky/wanted-ischem-redkih-masterov.html
[399/406 новая статья 399/406] https://www.kuvalda.ru/blog/articles/raznoe/kruti-pedali-kak-treniruyutsya-chempiony-velosporta-v-samare.html
[400/406 новая статья 400/406] https://www.kuvalda.ru/blog/articles/events/simpozium-po-skulpture-artterria.html
[401/406 новая статья 401/406] https://www.kuvalda.ru/blog/articles/newinstr/pervaya-v-mire-konvertiruemaya-akkumulyatornaya-sistema-ot-dewalt.html
[402/406 новая статья 402/406] https://www.kuvalda.ru/blog/articles/events/tom-soyer-fest-2016-nikto-krome-nas.html
[403/406 новая статья 403/406] https://www.kuvalda.ru/blog/articles/polz/benzopila-naiznanku.html
[404/406 новая статья 404/406] https://www.kuvalda.ru/blog/articles/events/buduschee-sadovoy-tehniki.html
[405/406 новая статья 405/406] https://www.kuvalda.ru/blog/articles/raznoe/kak-delayut-kanaty-i-verevki.html
[406/406 новая статья 406/406] https://www.kuvalda.ru/blog/articles/polz/u-kogo-gradus-bolshe.html
{
  "articles": 406,
  "images_total": 6392,
  "include": 1830,
  "review": 3533,
  "skip": 1029,
  "downloaded_files": 5363,
  "downloaded_include_review": 5363,
  "articles_csv": "/Users/vladimirpylov/kuvalda_automation_kit/kuvalda_master/kuvalda_articles.csv",
  "html_report": "/Users/vladimirpylov/kuvalda_automation_kit/kuvalda_master/kuvalda_image_report.html",
  "downloaded_dir": "/Users/vladimirpylov/kuvalda_automation_kit/kuvalda_master/downloaded_images"
}
